<?xml version="1.0" encoding="UTF-8"?>
<!-- Generated by org.testng.reporters.JUnitReportReporter -->
<testsuite skipped="1" hostname="acer-PC" name="com.payconiq.api.poc.GITAPIUpdateTest" tests="2" failures="0" timestamp="18 Jun 2018 23:08:19 GMT" time="10.231" errors="0">
  <testcase name="createGists" time="10.231" classname="com.payconiq.api.poc.GITAPIUpdateTest"/>
  <testcase name="gitHealthCheck" classname="com.payconiq.api.poc.GITAPIUpdateTest">
    <skipped/>
  </testcase> <!-- gitHealthCheck -->
</testsuite> <!-- com.payconiq.api.poc.GITAPIUpdateTest -->
