<?xml version="1.0" encoding="UTF-8"?>
<!-- Generated by org.testng.reporters.JUnitReportReporter -->
<testsuite skipped="1" hostname="acer-PC" name="com.payconiq.api.poc.GITAPIDeleteTest" tests="2" failures="0" timestamp="18 Jun 2018 22:21:33 GMT" time="7.271" errors="0">
  <testcase name="createGists" time="7.271" classname="com.payconiq.api.poc.GITAPIDeleteTest"/>
  <testcase name="gitHealthCheck" classname="com.payconiq.api.poc.GITAPIDeleteTest">
    <skipped/>
  </testcase> <!-- gitHealthCheck -->
</testsuite> <!-- com.payconiq.api.poc.GITAPIDeleteTest -->
